{"/root/hackreactor/SDC/QA-API-Service/db/config.js": {"path":"/root/hackreactor/SDC/QA-API-Service/db/config.js","statementMap":{"0":{"start":{"line":1,"column":18},"end":{"line":1,"column":72}},"1":{"start":{"line":2,"column":15},"end":{"line":2,"column":62}},"2":{"start":{"line":15,"column":0},"end":{"line":19,"column":2}}},"fnMap":{},"branchMap":{"0":{"loc":{"start":{"line":1,"column":18},"end":{"line":1,"column":72}},"type":"cond-expr","locations":[{"start":{"line":1,"column":42},"end":{"line":1,"column":63}},{"start":{"line":1,"column":66},"end":{"line":1,"column":72}}],"line":1},"1":{"loc":{"start":{"line":2,"column":15},"end":{"line":2,"column":62}},"type":"cond-expr","locations":[{"start":{"line":2,"column":38},"end":{"line":2,"column":51}},{"start":{"line":2,"column":54},"end":{"line":2,"column":62}}],"line":2}},"s":{"0":1,"1":1,"2":1},"f":{},"b":{"0":[0,1],"1":[1,0]},"_coverageSchema":"1a1c01bbd47fc00a2c39e90264f33305004495a9","hash":"90104abb8776742f138acd4578324fbb2b1207d1"}
,"/root/hackreactor/SDC/QA-API-Service/db/index.js": {"path":"/root/hackreactor/SDC/QA-API-Service/db/index.js","statementMap":{"0":{"start":{"line":1,"column":19},"end":{"line":1,"column":32}},"1":{"start":{"line":2,"column":17},"end":{"line":2,"column":39}},"2":{"start":{"line":4,"column":15},"end":{"line":4,"column":35}},"3":{"start":{"line":6,"column":0},"end":{"line":11,"column":3}},"4":{"start":{"line":7,"column":2},"end":{"line":9,"column":3}},"5":{"start":{"line":8,"column":4},"end":{"line":8,"column":20}},"6":{"start":{"line":10,"column":2},"end":{"line":10,"column":72}},"7":{"start":{"line":13,"column":22},"end":{"line":98,"column":1}},"8":{"start":{"line":15,"column":14},"end":{"line":21,"column":3}},"9":{"start":{"line":23,"column":14},"end":{"line":23,"column":37}},"10":{"start":{"line":25,"column":14},"end":{"line":25,"column":16}},"11":{"start":{"line":26,"column":19},"end":{"line":26,"column":21}},"12":{"start":{"line":29,"column":2},"end":{"line":89,"column":3}},"13":{"start":{"line":29,"column":15},"end":{"line":29,"column":16}},"14":{"start":{"line":31,"column":14},"end":{"line":31,"column":27}},"15":{"start":{"line":33,"column":4},"end":{"line":88,"column":5}},"16":{"start":{"line":34,"column":6},"end":{"line":34,"column":34}},"17":{"start":{"line":36,"column":6},"end":{"line":44,"column":7}},"18":{"start":{"line":46,"column":6},"end":{"line":61,"column":7}},"19":{"start":{"line":48,"column":8},"end":{"line":55,"column":9}},"20":{"start":{"line":57,"column":8},"end":{"line":59,"column":9}},"21":{"start":{"line":58,"column":10},"end":{"line":58,"column":70}},"22":{"start":{"line":63,"column":6},"end":{"line":63,"column":33}},"23":{"start":{"line":67,"column":18},"end":{"line":67,"column":47}},"24":{"start":{"line":69,"column":6},"end":{"line":80,"column":7}},"25":{"start":{"line":71,"column":8},"end":{"line":78,"column":9}},"26":{"start":{"line":82,"column":8},"end":{"line":86,"column":9}},"27":{"start":{"line":84,"column":10},"end":{"line":84,"column":78}},"28":{"start":{"line":91,"column":12},"end":{"line":94,"column":3}},"29":{"start":{"line":96,"column":2},"end":{"line":96,"column":13}},"30":{"start":{"line":100,"column":20},"end":{"line":154,"column":1}},"31":{"start":{"line":102,"column":14},"end":{"line":104,"column":87}},"32":{"start":{"line":106,"column":14},"end":{"line":106,"column":37}},"33":{"start":{"line":108,"column":14},"end":{"line":108,"column":16}},"34":{"start":{"line":109,"column":19},"end":{"line":109,"column":21}},"35":{"start":{"line":112,"column":2},"end":{"line":145,"column":3}},"36":{"start":{"line":112,"column":15},"end":{"line":112,"column":16}},"37":{"start":{"line":114,"column":14},"end":{"line":114,"column":27}},"38":{"start":{"line":116,"column":4},"end":{"line":144,"column":5}},"39":{"start":{"line":117,"column":6},"end":{"line":117,"column":32}},"40":{"start":{"line":119,"column":6},"end":{"line":126,"column":7}},"41":{"start":{"line":128,"column":6},"end":{"line":130,"column":7}},"42":{"start":{"line":129,"column":8},"end":{"line":129,"column":45}},"43":{"start":{"line":132,"column":6},"end":{"line":132,"column":33}},"44":{"start":{"line":136,"column":18},"end":{"line":136,"column":47}},"45":{"start":{"line":138,"column":8},"end":{"line":142,"column":9}},"46":{"start":{"line":140,"column":10},"end":{"line":140,"column":55}},"47":{"start":{"line":147,"column":12},"end":{"line":150,"column":3}},"48":{"start":{"line":152,"column":2},"end":{"line":152,"column":13}},"49":{"start":{"line":156,"column":20},"end":{"line":163,"column":1}},"50":{"start":{"line":158,"column":14},"end":{"line":158,"column":195}},"51":{"start":{"line":160,"column":14},"end":{"line":160,"column":37}},"52":{"start":{"line":162,"column":2},"end":{"line":162,"column":15}},"53":{"start":{"line":165,"column":18},"end":{"line":189,"column":1}},"54":{"start":{"line":167,"column":15},"end":{"line":168,"column":98}},"55":{"start":{"line":170,"column":15},"end":{"line":170,"column":114}},"56":{"start":{"line":172,"column":2},"end":{"line":187,"column":4}},"57":{"start":{"line":174,"column":4},"end":{"line":174,"column":30}},"58":{"start":{"line":177,"column":19},"end":{"line":177,"column":42}},"59":{"start":{"line":178,"column":4},"end":{"line":183,"column":6}},"60":{"start":{"line":179,"column":17},"end":{"line":179,"column":93}},"61":{"start":{"line":180,"column":6},"end":{"line":180,"column":39}},"62":{"start":{"line":181,"column":6},"end":{"line":181,"column":35}},"63":{"start":{"line":182,"column":6},"end":{"line":182,"column":19}},"64":{"start":{"line":186,"column":4},"end":{"line":186,"column":15}},"65":{"start":{"line":191,"column":28},"end":{"line":198,"column":1}},"66":{"start":{"line":193,"column":14},"end":{"line":193,"column":120}},"67":{"start":{"line":195,"column":14},"end":{"line":195,"column":37}},"68":{"start":{"line":197,"column":2},"end":{"line":197,"column":15}},"69":{"start":{"line":200,"column":26},"end":{"line":208,"column":1}},"70":{"start":{"line":202,"column":14},"end":{"line":202,"column":108}},"71":{"start":{"line":204,"column":14},"end":{"line":204,"column":37}},"72":{"start":{"line":206,"column":2},"end":{"line":206,"column":15}},"73":{"start":{"line":210,"column":23},"end":{"line":217,"column":1}},"74":{"start":{"line":212,"column":14},"end":{"line":212,"column":85}},"75":{"start":{"line":214,"column":14},"end":{"line":214,"column":37}},"76":{"start":{"line":216,"column":2},"end":{"line":216,"column":15}},"77":{"start":{"line":219,"column":21},"end":{"line":226,"column":1}},"78":{"start":{"line":221,"column":14},"end":{"line":221,"column":79}},"79":{"start":{"line":223,"column":14},"end":{"line":223,"column":37}},"80":{"start":{"line":225,"column":2},"end":{"line":225,"column":15}},"81":{"start":{"line":228,"column":0},"end":{"line":237,"column":2}}},"fnMap":{"0":{"name":"(anonymous_0)","decl":{"start":{"line":6,"column":16},"end":{"line":6,"column":17}},"loc":{"start":{"line":6,"column":25},"end":{"line":11,"column":1}},"line":6},"1":{"name":"(anonymous_1)","decl":{"start":{"line":13,"column":22},"end":{"line":13,"column":23}},"loc":{"start":{"line":13,"column":58},"end":{"line":98,"column":1}},"line":13},"2":{"name":"(anonymous_2)","decl":{"start":{"line":100,"column":20},"end":{"line":100,"column":21}},"loc":{"start":{"line":100,"column":57},"end":{"line":154,"column":1}},"line":100},"3":{"name":"(anonymous_3)","decl":{"start":{"line":156,"column":20},"end":{"line":156,"column":21}},"loc":{"start":{"line":156,"column":89},"end":{"line":163,"column":1}},"line":156},"4":{"name":"(anonymous_4)","decl":{"start":{"line":165,"column":18},"end":{"line":165,"column":19}},"loc":{"start":{"line":165,"column":101},"end":{"line":189,"column":1}},"line":165},"5":{"name":"(anonymous_5)","decl":{"start":{"line":173,"column":8},"end":{"line":173,"column":9}},"loc":{"start":{"line":173,"column":14},"end":{"line":175,"column":3}},"line":173},"6":{"name":"(anonymous_6)","decl":{"start":{"line":176,"column":8},"end":{"line":176,"column":9}},"loc":{"start":{"line":176,"column":19},"end":{"line":184,"column":3}},"line":176},"7":{"name":"(anonymous_7)","decl":{"start":{"line":178,"column":27},"end":{"line":178,"column":28}},"loc":{"start":{"line":178,"column":44},"end":{"line":183,"column":5}},"line":178},"8":{"name":"(anonymous_8)","decl":{"start":{"line":185,"column":9},"end":{"line":185,"column":10}},"loc":{"start":{"line":185,"column":18},"end":{"line":187,"column":3}},"line":185},"9":{"name":"(anonymous_9)","decl":{"start":{"line":191,"column":28},"end":{"line":191,"column":29}},"loc":{"start":{"line":191,"column":50},"end":{"line":198,"column":1}},"line":191},"10":{"name":"(anonymous_10)","decl":{"start":{"line":200,"column":26},"end":{"line":200,"column":27}},"loc":{"start":{"line":200,"column":46},"end":{"line":208,"column":1}},"line":200},"11":{"name":"(anonymous_11)","decl":{"start":{"line":210,"column":23},"end":{"line":210,"column":24}},"loc":{"start":{"line":210,"column":45},"end":{"line":217,"column":1}},"line":210},"12":{"name":"(anonymous_12)","decl":{"start":{"line":219,"column":21},"end":{"line":219,"column":22}},"loc":{"start":{"line":219,"column":41},"end":{"line":226,"column":1}},"line":219}},"branchMap":{"0":{"loc":{"start":{"line":7,"column":2},"end":{"line":9,"column":3}},"type":"if","locations":[{"start":{"line":7,"column":2},"end":{"line":9,"column":3}},{"start":{"line":7,"column":2},"end":{"line":9,"column":3}}],"line":7},"1":{"loc":{"start":{"line":33,"column":4},"end":{"line":88,"column":5}},"type":"if","locations":[{"start":{"line":33,"column":4},"end":{"line":88,"column":5}},{"start":{"line":33,"column":4},"end":{"line":88,"column":5}}],"line":33},"2":{"loc":{"start":{"line":46,"column":6},"end":{"line":61,"column":7}},"type":"if","locations":[{"start":{"line":46,"column":6},"end":{"line":61,"column":7}},{"start":{"line":46,"column":6},"end":{"line":61,"column":7}}],"line":46},"3":{"loc":{"start":{"line":57,"column":8},"end":{"line":59,"column":9}},"type":"if","locations":[{"start":{"line":57,"column":8},"end":{"line":59,"column":9}},{"start":{"line":57,"column":8},"end":{"line":59,"column":9}}],"line":57},"4":{"loc":{"start":{"line":69,"column":6},"end":{"line":80,"column":7}},"type":"if","locations":[{"start":{"line":69,"column":6},"end":{"line":80,"column":7}},{"start":{"line":69,"column":6},"end":{"line":80,"column":7}}],"line":69},"5":{"loc":{"start":{"line":82,"column":8},"end":{"line":86,"column":9}},"type":"if","locations":[{"start":{"line":82,"column":8},"end":{"line":86,"column":9}},{"start":{"line":82,"column":8},"end":{"line":86,"column":9}}],"line":82},"6":{"loc":{"start":{"line":116,"column":4},"end":{"line":144,"column":5}},"type":"if","locations":[{"start":{"line":116,"column":4},"end":{"line":144,"column":5}},{"start":{"line":116,"column":4},"end":{"line":144,"column":5}}],"line":116},"7":{"loc":{"start":{"line":128,"column":6},"end":{"line":130,"column":7}},"type":"if","locations":[{"start":{"line":128,"column":6},"end":{"line":130,"column":7}},{"start":{"line":128,"column":6},"end":{"line":130,"column":7}}],"line":128},"8":{"loc":{"start":{"line":138,"column":8},"end":{"line":142,"column":9}},"type":"if","locations":[{"start":{"line":138,"column":8},"end":{"line":142,"column":9}},{"start":{"line":138,"column":8},"end":{"line":142,"column":9}}],"line":138}},"s":{"0":1,"1":1,"2":1,"3":1,"4":1,"5":0,"6":1,"7":1,"8":0,"9":0,"10":0,"11":0,"12":0,"13":0,"14":0,"15":0,"16":0,"17":0,"18":0,"19":0,"20":0,"21":0,"22":0,"23":0,"24":0,"25":0,"26":0,"27":0,"28":0,"29":0,"30":1,"31":0,"32":0,"33":0,"34":0,"35":0,"36":0,"37":0,"38":0,"39":0,"40":0,"41":0,"42":0,"43":0,"44":0,"45":0,"46":0,"47":0,"48":0,"49":1,"50":0,"51":0,"52":0,"53":1,"54":0,"55":0,"56":0,"57":0,"58":0,"59":0,"60":0,"61":0,"62":0,"63":0,"64":0,"65":1,"66":0,"67":0,"68":0,"69":1,"70":0,"71":0,"72":0,"73":1,"74":0,"75":0,"76":0,"77":1,"78":0,"79":0,"80":0,"81":1},"f":{"0":1,"1":0,"2":0,"3":0,"4":0,"5":0,"6":0,"7":0,"8":0,"9":0,"10":0,"11":0,"12":0},"b":{"0":[0,1],"1":[0,0],"2":[0,0],"3":[0,0],"4":[0,0],"5":[0,0],"6":[0,0],"7":[0,0],"8":[0,0]},"_coverageSchema":"1a1c01bbd47fc00a2c39e90264f33305004495a9","hash":"b9308def3a2baff44aa4ebb50686e204229a4f34"}
,"/root/hackreactor/SDC/QA-API-Service/server/index.js": {"path":"/root/hackreactor/SDC/QA-API-Service/server/index.js","statementMap":{"0":{"start":{"line":1,"column":16},"end":{"line":1,"column":34}},"1":{"start":{"line":2,"column":12},"end":{"line":2,"column":21}},"2":{"start":{"line":3,"column":0},"end":{"line":3,"column":24}},"3":{"start":{"line":4,"column":13},"end":{"line":4,"column":17}},"4":{"start":{"line":6,"column":0},"end":{"line":8,"column":2}},"5":{"start":{"line":7,"column":2},"end":{"line":7,"column":68}},"6":{"start":{"line":10,"column":11},"end":{"line":10,"column":27}},"7":{"start":{"line":14,"column":0},"end":{"line":33,"column":3}},"8":{"start":{"line":16,"column":18},"end":{"line":16,"column":43}},"9":{"start":{"line":17,"column":14},"end":{"line":17,"column":34}},"10":{"start":{"line":19,"column":2},"end":{"line":19,"column":78}},"11":{"start":{"line":21,"column":2},"end":{"line":30,"column":3}},"12":{"start":{"line":22,"column":16},"end":{"line":22,"column":64}},"13":{"start":{"line":23,"column":4},"end":{"line":23,"column":20}},"14":{"start":{"line":24,"column":4},"end":{"line":24,"column":18}},"15":{"start":{"line":27,"column":4},"end":{"line":27,"column":20}},"16":{"start":{"line":28,"column":4},"end":{"line":28,"column":31}},"17":{"start":{"line":29,"column":4},"end":{"line":29,"column":21}},"18":{"start":{"line":32,"column":2},"end":{"line":32,"column":11}},"19":{"start":{"line":36,"column":0},"end":{"line":54,"column":3}},"20":{"start":{"line":38,"column":19},"end":{"line":38,"column":41}},"21":{"start":{"line":39,"column":14},"end":{"line":39,"column":34}},"22":{"start":{"line":41,"column":2},"end":{"line":41,"column":68}},"23":{"start":{"line":43,"column":2},"end":{"line":52,"column":3}},"24":{"start":{"line":44,"column":16},"end":{"line":44,"column":63}},"25":{"start":{"line":45,"column":4},"end":{"line":45,"column":20}},"26":{"start":{"line":46,"column":4},"end":{"line":46,"column":18}},"27":{"start":{"line":49,"column":4},"end":{"line":49,"column":20}},"28":{"start":{"line":50,"column":4},"end":{"line":50,"column":31}},"29":{"start":{"line":51,"column":4},"end":{"line":51,"column":21}},"30":{"start":{"line":58,"column":0},"end":{"line":79,"column":3}},"31":{"start":{"line":60,"column":16},"end":{"line":60,"column":24}},"32":{"start":{"line":61,"column":21},"end":{"line":61,"column":33}},"33":{"start":{"line":62,"column":18},"end":{"line":62,"column":30}},"34":{"start":{"line":63,"column":19},"end":{"line":63,"column":32}},"35":{"start":{"line":64,"column":15},"end":{"line":64,"column":33}},"36":{"start":{"line":65,"column":13},"end":{"line":65,"column":23}},"37":{"start":{"line":66,"column":2},"end":{"line":66,"column":164}},"38":{"start":{"line":68,"column":2},"end":{"line":77,"column":3}},"39":{"start":{"line":69,"column":16},"end":{"line":69,"column":95}},"40":{"start":{"line":70,"column":4},"end":{"line":70,"column":20}},"41":{"start":{"line":71,"column":4},"end":{"line":71,"column":46}},"42":{"start":{"line":74,"column":4},"end":{"line":74,"column":20}},"43":{"start":{"line":75,"column":4},"end":{"line":75,"column":31}},"44":{"start":{"line":76,"column":4},"end":{"line":76,"column":21}},"45":{"start":{"line":82,"column":0},"end":{"line":104,"column":2}},"46":{"start":{"line":84,"column":19},"end":{"line":84,"column":41}},"47":{"start":{"line":85,"column":16},"end":{"line":85,"column":24}},"48":{"start":{"line":86,"column":19},"end":{"line":86,"column":31}},"49":{"start":{"line":87,"column":21},"end":{"line":87,"column":33}},"50":{"start":{"line":88,"column":22},"end":{"line":88,"column":35}},"51":{"start":{"line":89,"column":15},"end":{"line":89,"column":29}},"52":{"start":{"line":90,"column":13},"end":{"line":90,"column":23}},"53":{"start":{"line":91,"column":2},"end":{"line":91,"column":162}},"54":{"start":{"line":93,"column":2},"end":{"line":102,"column":3}},"55":{"start":{"line":94,"column":16},"end":{"line":94,"column":107}},"56":{"start":{"line":95,"column":4},"end":{"line":95,"column":20}},"57":{"start":{"line":96,"column":4},"end":{"line":96,"column":46}},"58":{"start":{"line":99,"column":4},"end":{"line":99,"column":20}},"59":{"start":{"line":100,"column":4},"end":{"line":100,"column":31}},"60":{"start":{"line":101,"column":4},"end":{"line":101,"column":21}},"61":{"start":{"line":107,"column":0},"end":{"line":122,"column":2}},"62":{"start":{"line":109,"column":19},"end":{"line":109,"column":41}},"63":{"start":{"line":111,"column":2},"end":{"line":120,"column":3}},"64":{"start":{"line":112,"column":16},"end":{"line":112,"column":56}},"65":{"start":{"line":113,"column":4},"end":{"line":113,"column":20}},"66":{"start":{"line":114,"column":4},"end":{"line":114,"column":14}},"67":{"start":{"line":117,"column":4},"end":{"line":117,"column":20}},"68":{"start":{"line":118,"column":4},"end":{"line":118,"column":31}},"69":{"start":{"line":119,"column":4},"end":{"line":119,"column":21}},"70":{"start":{"line":125,"column":0},"end":{"line":140,"column":2}},"71":{"start":{"line":127,"column":19},"end":{"line":127,"column":41}},"72":{"start":{"line":129,"column":2},"end":{"line":138,"column":3}},"73":{"start":{"line":130,"column":16},"end":{"line":130,"column":51}},"74":{"start":{"line":131,"column":4},"end":{"line":131,"column":20}},"75":{"start":{"line":132,"column":4},"end":{"line":132,"column":14}},"76":{"start":{"line":135,"column":4},"end":{"line":135,"column":20}},"77":{"start":{"line":136,"column":4},"end":{"line":136,"column":31}},"78":{"start":{"line":137,"column":4},"end":{"line":137,"column":21}},"79":{"start":{"line":143,"column":0},"end":{"line":158,"column":2}},"80":{"start":{"line":145,"column":17},"end":{"line":145,"column":37}},"81":{"start":{"line":147,"column":2},"end":{"line":156,"column":3}},"82":{"start":{"line":148,"column":16},"end":{"line":148,"column":52}},"83":{"start":{"line":149,"column":4},"end":{"line":149,"column":20}},"84":{"start":{"line":150,"column":4},"end":{"line":150,"column":14}},"85":{"start":{"line":153,"column":4},"end":{"line":153,"column":20}},"86":{"start":{"line":154,"column":4},"end":{"line":154,"column":31}},"87":{"start":{"line":155,"column":4},"end":{"line":155,"column":21}},"88":{"start":{"line":161,"column":0},"end":{"line":176,"column":2}},"89":{"start":{"line":163,"column":17},"end":{"line":163,"column":37}},"90":{"start":{"line":165,"column":2},"end":{"line":174,"column":3}},"91":{"start":{"line":166,"column":16},"end":{"line":166,"column":47}},"92":{"start":{"line":167,"column":4},"end":{"line":167,"column":20}},"93":{"start":{"line":168,"column":4},"end":{"line":168,"column":14}},"94":{"start":{"line":171,"column":4},"end":{"line":171,"column":20}},"95":{"start":{"line":172,"column":4},"end":{"line":172,"column":31}},"96":{"start":{"line":173,"column":4},"end":{"line":173,"column":21}},"97":{"start":{"line":178,"column":0},"end":{"line":178,"column":25}}},"fnMap":{"0":{"name":"(anonymous_0)","decl":{"start":{"line":6,"column":17},"end":{"line":6,"column":18}},"loc":{"start":{"line":6,"column":23},"end":{"line":8,"column":1}},"line":6},"1":{"name":"(anonymous_1)","decl":{"start":{"line":14,"column":25},"end":{"line":14,"column":26}},"loc":{"start":{"line":14,"column":45},"end":{"line":33,"column":1}},"line":14},"2":{"name":"(anonymous_2)","decl":{"start":{"line":36,"column":46},"end":{"line":36,"column":47}},"loc":{"start":{"line":36,"column":66},"end":{"line":54,"column":1}},"line":36},"3":{"name":"(anonymous_3)","decl":{"start":{"line":58,"column":26},"end":{"line":58,"column":27}},"loc":{"start":{"line":58,"column":46},"end":{"line":79,"column":1}},"line":58},"4":{"name":"(anonymous_4)","decl":{"start":{"line":82,"column":47},"end":{"line":82,"column":48}},"loc":{"start":{"line":82,"column":67},"end":{"line":104,"column":1}},"line":82},"5":{"name":"(anonymous_5)","decl":{"start":{"line":107,"column":46},"end":{"line":107,"column":47}},"loc":{"start":{"line":107,"column":66},"end":{"line":122,"column":1}},"line":107},"6":{"name":"(anonymous_6)","decl":{"start":{"line":125,"column":45},"end":{"line":125,"column":46}},"loc":{"start":{"line":125,"column":65},"end":{"line":140,"column":1}},"line":125},"7":{"name":"(anonymous_7)","decl":{"start":{"line":143,"column":42},"end":{"line":143,"column":43}},"loc":{"start":{"line":143,"column":62},"end":{"line":158,"column":1}},"line":143},"8":{"name":"(anonymous_8)","decl":{"start":{"line":161,"column":41},"end":{"line":161,"column":42}},"loc":{"start":{"line":161,"column":61},"end":{"line":176,"column":1}},"line":161}},"branchMap":{"0":{"loc":{"start":{"line":16,"column":18},"end":{"line":16,"column":43}},"type":"binary-expr","locations":[{"start":{"line":16,"column":18},"end":{"line":16,"column":38}},{"start":{"line":16,"column":42},"end":{"line":16,"column":43}}],"line":16},"1":{"loc":{"start":{"line":17,"column":14},"end":{"line":17,"column":34}},"type":"binary-expr","locations":[{"start":{"line":17,"column":14},"end":{"line":17,"column":29}},{"start":{"line":17,"column":33},"end":{"line":17,"column":34}}],"line":17},"2":{"loc":{"start":{"line":19,"column":2},"end":{"line":19,"column":77}},"type":"cond-expr","locations":[{"start":{"line":19,"column":23},"end":{"line":19,"column":64}},{"start":{"line":19,"column":67},"end":{"line":19,"column":77}}],"line":19},"3":{"loc":{"start":{"line":39,"column":14},"end":{"line":39,"column":34}},"type":"binary-expr","locations":[{"start":{"line":39,"column":14},"end":{"line":39,"column":29}},{"start":{"line":39,"column":33},"end":{"line":39,"column":34}}],"line":39},"4":{"loc":{"start":{"line":41,"column":2},"end":{"line":41,"column":67}},"type":"cond-expr","locations":[{"start":{"line":41,"column":23},"end":{"line":41,"column":54}},{"start":{"line":41,"column":57},"end":{"line":41,"column":67}}],"line":41}},"s":{"0":1,"1":1,"2":1,"3":1,"4":1,"5":1,"6":1,"7":1,"8":0,"9":0,"10":0,"11":0,"12":0,"13":0,"14":0,"15":0,"16":0,"17":0,"18":0,"19":1,"20":0,"21":0,"22":0,"23":0,"24":0,"25":0,"26":0,"27":0,"28":0,"29":0,"30":1,"31":0,"32":0,"33":0,"34":0,"35":0,"36":0,"37":0,"38":0,"39":0,"40":0,"41":0,"42":0,"43":0,"44":0,"45":1,"46":0,"47":0,"48":0,"49":0,"50":0,"51":0,"52":0,"53":0,"54":0,"55":0,"56":0,"57":0,"58":0,"59":0,"60":0,"61":1,"62":0,"63":0,"64":0,"65":0,"66":0,"67":0,"68":0,"69":0,"70":1,"71":0,"72":0,"73":0,"74":0,"75":0,"76":0,"77":0,"78":0,"79":1,"80":0,"81":0,"82":0,"83":0,"84":0,"85":0,"86":0,"87":0,"88":1,"89":0,"90":0,"91":0,"92":0,"93":0,"94":0,"95":0,"96":0,"97":1},"f":{"0":1,"1":0,"2":0,"3":0,"4":0,"5":0,"6":0,"7":0,"8":0},"b":{"0":[0,0],"1":[0,0],"2":[0,0],"3":[0,0],"4":[0,0]},"_coverageSchema":"1a1c01bbd47fc00a2c39e90264f33305004495a9","hash":"51ba3cb5829356565af5e6300ad2767b70e89a3d"}
,"/root/hackreactor/SDC/QA-API-Service/spec/schema.js": {"path":"/root/hackreactor/SDC/QA-API-Service/spec/schema.js","statementMap":{"0":{"start":{"line":1,"column":13},"end":{"line":54,"column":3}},"1":{"start":{"line":56,"column":2},"end":{"line":56,"column":33}}},"fnMap":{},"branchMap":{},"s":{"0":2,"1":2},"f":{},"b":{},"_coverageSchema":"1a1c01bbd47fc00a2c39e90264f33305004495a9","hash":"357cf83125d9412a55bbae360dcb866589956370"}
}
