TN:
SF:db/config.js
FNF:0
FNH:0
DA:1,1
DA:2,1
DA:15,1
LF:3
LH:3
BRDA:1,0,0,0
BRDA:1,0,1,1
BRDA:2,1,0,1
BRDA:2,1,1,0
BRF:4
BRH:2
end_of_record
TN:
SF:db/index.js
FN:6,(anonymous_0)
FN:13,(anonymous_1)
FN:100,(anonymous_2)
FN:156,(anonymous_3)
FN:165,(anonymous_4)
FN:173,(anonymous_5)
FN:176,(anonymous_6)
FN:178,(anonymous_7)
FN:185,(anonymous_8)
FN:191,(anonymous_9)
FN:200,(anonymous_10)
FN:210,(anonymous_11)
FN:219,(anonymous_12)
FNF:13
FNH:3
FNDA:1,(anonymous_0)
FNDA:2,(anonymous_1)
FNDA:0,(anonymous_2)
FNDA:1,(anonymous_3)
FNDA:0,(anonymous_4)
FNDA:0,(anonymous_5)
FNDA:0,(anonymous_6)
FNDA:0,(anonymous_7)
FNDA:0,(anonymous_8)
FNDA:0,(anonymous_9)
FNDA:0,(anonymous_10)
FNDA:0,(anonymous_11)
FNDA:0,(anonymous_12)
DA:1,1
DA:2,1
DA:4,1
DA:6,1
DA:7,1
DA:8,0
DA:10,1
DA:13,1
DA:15,2
DA:23,2
DA:25,2
DA:26,2
DA:29,2
DA:31,2
DA:33,2
DA:34,2
DA:36,2
DA:46,2
DA:48,1
DA:57,1
DA:58,1
DA:63,2
DA:67,0
DA:69,0
DA:71,0
DA:82,0
DA:84,0
DA:91,2
DA:96,2
DA:100,1
DA:102,0
DA:106,0
DA:108,0
DA:109,0
DA:112,0
DA:114,0
DA:116,0
DA:117,0
DA:119,0
DA:128,0
DA:129,0
DA:132,0
DA:136,0
DA:138,0
DA:140,0
DA:147,0
DA:152,0
DA:156,1
DA:158,1
DA:160,1
DA:162,1
DA:165,1
DA:167,0
DA:170,0
DA:172,0
DA:174,0
DA:177,0
DA:178,0
DA:179,0
DA:180,0
DA:181,0
DA:182,0
DA:186,0
DA:191,1
DA:193,0
DA:195,0
DA:197,0
DA:200,1
DA:202,0
DA:204,0
DA:206,0
DA:210,1
DA:212,0
DA:214,0
DA:216,0
DA:219,1
DA:221,0
DA:223,0
DA:225,0
DA:228,1
LF:80
LH:34
BRDA:7,0,0,0
BRDA:7,0,1,1
BRDA:33,1,0,2
BRDA:33,1,1,0
BRDA:46,2,0,1
BRDA:46,2,1,1
BRDA:57,3,0,1
BRDA:57,3,1,0
BRDA:69,4,0,0
BRDA:69,4,1,0
BRDA:82,5,0,0
BRDA:82,5,1,0
BRDA:116,6,0,0
BRDA:116,6,1,0
BRDA:128,7,0,0
BRDA:128,7,1,0
BRDA:138,8,0,0
BRDA:138,8,1,0
BRF:18
BRH:5
end_of_record
TN:
SF:server/index.js
FN:6,(anonymous_0)
FN:14,(anonymous_1)
FN:36,(anonymous_2)
FN:58,(anonymous_3)
FN:82,(anonymous_4)
FN:107,(anonymous_5)
FN:125,(anonymous_6)
FN:143,(anonymous_7)
FN:161,(anonymous_8)
FNF:9
FNH:2
FNDA:1,(anonymous_0)
FNDA:2,(anonymous_1)
FNDA:0,(anonymous_2)
FNDA:0,(anonymous_3)
FNDA:0,(anonymous_4)
FNDA:0,(anonymous_5)
FNDA:0,(anonymous_6)
FNDA:0,(anonymous_7)
FNDA:0,(anonymous_8)
DA:1,1
DA:2,1
DA:3,1
DA:4,1
DA:6,1
DA:7,1
DA:10,1
DA:14,1
DA:16,2
DA:17,2
DA:19,2
DA:21,2
DA:22,2
DA:23,2
DA:24,2
DA:27,0
DA:28,0
DA:29,0
DA:32,2
DA:36,1
DA:38,0
DA:39,0
DA:41,0
DA:43,0
DA:44,0
DA:45,0
DA:46,0
DA:49,0
DA:50,0
DA:51,0
DA:58,1
DA:60,0
DA:61,0
DA:62,0
DA:63,0
DA:64,0
DA:65,0
DA:66,0
DA:68,0
DA:69,0
DA:70,0
DA:71,0
DA:74,0
DA:75,0
DA:76,0
DA:82,1
DA:84,0
DA:85,0
DA:86,0
DA:87,0
DA:88,0
DA:89,0
DA:90,0
DA:91,0
DA:93,0
DA:94,0
DA:95,0
DA:96,0
DA:99,0
DA:100,0
DA:101,0
DA:107,1
DA:109,0
DA:111,0
DA:112,0
DA:113,0
DA:114,0
DA:117,0
DA:118,0
DA:119,0
DA:125,1
DA:127,0
DA:129,0
DA:130,0
DA:131,0
DA:132,0
DA:135,0
DA:136,0
DA:137,0
DA:143,1
DA:145,0
DA:147,0
DA:148,0
DA:149,0
DA:150,0
DA:153,0
DA:154,0
DA:155,0
DA:161,1
DA:163,0
DA:165,0
DA:166,0
DA:167,0
DA:168,0
DA:171,0
DA:172,0
DA:173,0
DA:178,1
LF:98
LH:24
BRDA:16,0,0,2
BRDA:16,0,1,0
BRDA:17,1,0,2
BRDA:17,1,1,2
BRDA:19,2,0,0
BRDA:19,2,1,2
BRDA:39,3,0,0
BRDA:39,3,1,0
BRDA:41,4,0,0
BRDA:41,4,1,0
BRF:10
BRH:4
end_of_record
TN:
SF:spec/schema.js
FNF:0
FNH:0
DA:1,2
DA:56,2
LF:2
LH:2
BRF:0
BRH:0
end_of_record
